[2m2023-05-11 09:42:26.258[0;39m [32m INFO[0;39m [35m14368[0;39m [2m---[0;39m [2m[  restartedMain][0;39m [36m.e.DevToolsPropertyDefaultsPostProcessor[0;39m [2m:[0;39m Devtools property defaults active! Set 'spring.devtools.add-properties' to 'false' to disable
[2m2023-05-11 09:42:26.260[0;39m [32m INFO[0;39m [35m14368[0;39m [2m---[0;39m [2m[  restartedMain][0;39m [36m.e.DevToolsPropertyDefaultsPostProcessor[0;39m [2m:[0;39m For additional web related logging consider setting the 'logging.level.web' property to 'DEBUG'
[2m2023-05-11 09:42:27.125[0;39m [32m INFO[0;39m [35m14368[0;39m [2m---[0;39m [2m[  restartedMain][0;39m [36mo.s.b.w.embedded.tomcat.TomcatWebServer [0;39m [2m:[0;39m Tomcat initialized with port(s): 9999 (http)
[2m2023-05-11 09:42:27.184[0;39m [32m INFO[0;39m [35m14368[0;39m [2m---[0;39m [2m[  restartedMain][0;39m [36mw.s.c.ServletWebServerApplicationContext[0;39m [2m:[0;39m Root WebApplicationContext: initialization completed in 923 ms
[2m2023-05-11 09:42:27.660[0;39m [32m INFO[0;39m [35m14368[0;39m [2m---[0;39m [2m[  restartedMain][0;39m [36mo.s.b.d.a.OptionalLiveReloadServer      [0;39m [2m:[0;39m LiveReload server is running on port 35729
[2m2023-05-11 09:42:27.790[0;39m [32m INFO[0;39m [35m14368[0;39m [2m---[0;39m [2m[  restartedMain][0;39m [36mo.s.b.w.embedded.tomcat.TomcatWebServer [0;39m [2m:[0;39m Tomcat started on port(s): 9999 (http) with context path '/vue'
[2m2023-05-11 09:44:33.492[0;39m [32m INFO[0;39m [35m14368[0;39m [2m---[0;39m [2m[nio-9999-exec-1][0;39m [36mo.s.web.servlet.DispatcherServlet       [0;39m [2m:[0;39m Initializing Servlet 'dispatcherServlet'
[2m2023-05-11 09:44:33.493[0;39m [32m INFO[0;39m [35m14368[0;39m [2m---[0;39m [2m[nio-9999-exec-1][0;39m [36mo.s.web.servlet.DispatcherServlet       [0;39m [2m:[0;39m Completed initialization in 1 ms
[2m2023-05-11 10:28:12.650[0;39m [32m INFO[0;39m [35m14368[0;39m [2m---[0;39m [2m[nio-9999-exec-1][0;39m [36mc.ssafy.vue.controller.BoardController  [0;39m [2m:[0;39m listArticle - 호출
[2m2023-05-11 10:28:54.478[0;39m [32m INFO[0;39m [35m14368[0;39m [2m---[0;39m [2m[nio-9999-exec-2][0;39m [36mc.ssafy.vue.controller.BoardController  [0;39m [2m:[0;39m listArticle - 호출
[2m2023-05-11 10:30:35.047[0;39m [32m INFO[0;39m [35m14368[0;39m [2m---[0;39m [2m[nio-9999-exec-3][0;39m [36mc.ssafy.vue.controller.BoardController  [0;39m [2m:[0;39m listArticle - 호출
[2m2023-05-11 10:32:04.389[0;39m [32m INFO[0;39m [35m14368[0;39m [2m---[0;39m [2m[nio-9999-exec-6][0;39m [36mc.ssafy.vue.controller.BoardController  [0;39m [2m:[0;39m listArticle - 호출
[2m2023-05-11 10:32:20.751[0;39m [32m INFO[0;39m [35m14368[0;39m [2m---[0;39m [2m[nio-9999-exec-8][0;39m [36mc.ssafy.vue.controller.BoardController  [0;39m [2m:[0;39m listArticle - 호출
[2m2023-05-11 10:32:22.951[0;39m [32m INFO[0;39m [35m14368[0;39m [2m---[0;39m [2m[nio-9999-exec-7][0;39m [36mc.ssafy.vue.controller.BoardController  [0;39m [2m:[0;39m listArticle - 호출
[2m2023-05-11 10:32:49.735[0;39m [32m INFO[0;39m [35m14368[0;39m [2m---[0;39m [2m[nio-9999-exec-9][0;39m [36mc.ssafy.vue.controller.BoardController  [0;39m [2m:[0;39m listArticle - 호출
[2m2023-05-11 10:32:55.989[0;39m [32m INFO[0;39m [35m14368[0;39m [2m---[0;39m [2m[io-9999-exec-10][0;39m [36mc.ssafy.vue.controller.BoardController  [0;39m [2m:[0;39m listArticle - 호출
[2m2023-05-11 10:32:58.550[0;39m [32m INFO[0;39m [35m14368[0;39m [2m---[0;39m [2m[nio-9999-exec-1][0;39m [36mc.ssafy.vue.controller.BoardController  [0;39m [2m:[0;39m listArticle - 호출
[2m2023-05-11 10:33:02.894[0;39m [32m INFO[0;39m [35m14368[0;39m [2m---[0;39m [2m[nio-9999-exec-2][0;39m [36mc.ssafy.vue.controller.BoardController  [0;39m [2m:[0;39m listArticle - 호출
[2m2023-05-11 10:33:04.716[0;39m [32m INFO[0;39m [35m14368[0;39m [2m---[0;39m [2m[nio-9999-exec-4][0;39m [36mc.ssafy.vue.controller.BoardController  [0;39m [2m:[0;39m listArticle - 호출
[2m2023-05-11 10:33:12.298[0;39m [32m INFO[0;39m [35m14368[0;39m [2m---[0;39m [2m[nio-9999-exec-3][0;39m [36mc.ssafy.vue.controller.BoardController  [0;39m [2m:[0;39m listArticle - 호출
[2m2023-05-11 10:33:25.976[0;39m [32m INFO[0;39m [35m14368[0;39m [2m---[0;39m [2m[nio-9999-exec-5][0;39m [36mc.ssafy.vue.controller.BoardController  [0;39m [2m:[0;39m listArticle - 호출
[2m2023-05-11 10:33:27.852[0;39m [32m INFO[0;39m [35m14368[0;39m [2m---[0;39m [2m[nio-9999-exec-6][0;39m [36mc.ssafy.vue.controller.BoardController  [0;39m [2m:[0;39m listArticle - 호출
[2m2023-05-11 10:33:28.923[0;39m [32m INFO[0;39m [35m14368[0;39m [2m---[0;39m [2m[nio-9999-exec-8][0;39m [36mc.ssafy.vue.controller.BoardController  [0;39m [2m:[0;39m listArticle - 호출
[2m2023-05-11 10:33:43.445[0;39m [32m INFO[0;39m [35m14368[0;39m [2m---[0;39m [2m[nio-9999-exec-7][0;39m [36mc.ssafy.vue.controller.BoardController  [0;39m [2m:[0;39m listArticle - 호출
[2m2023-05-11 10:33:54.703[0;39m [32m INFO[0;39m [35m14368[0;39m [2m---[0;39m [2m[nio-9999-exec-9][0;39m [36mc.ssafy.vue.controller.BoardController  [0;39m [2m:[0;39m listArticle - 호출
[2m2023-05-11 10:33:55.969[0;39m [32m INFO[0;39m [35m14368[0;39m [2m---[0;39m [2m[io-9999-exec-10][0;39m [36mc.ssafy.vue.controller.BoardController  [0;39m [2m:[0;39m listArticle - 호출
[2m2023-05-11 10:33:57.427[0;39m [32m INFO[0;39m [35m14368[0;39m [2m---[0;39m [2m[nio-9999-exec-1][0;39m [36mc.ssafy.vue.controller.BoardController  [0;39m [2m:[0;39m listArticle - 호출
[2m2023-05-11 10:34:07.258[0;39m [32m INFO[0;39m [35m14368[0;39m [2m---[0;39m [2m[nio-9999-exec-2][0;39m [36mc.ssafy.vue.controller.BoardController  [0;39m [2m:[0;39m listArticle - 호출
[2m2023-05-11 10:34:09.359[0;39m [32m INFO[0;39m [35m14368[0;39m [2m---[0;39m [2m[nio-9999-exec-4][0;39m [36mc.ssafy.vue.controller.BoardController  [0;39m [2m:[0;39m listArticle - 호출
[2m2023-05-11 10:34:25.873[0;39m [32m INFO[0;39m [35m14368[0;39m [2m---[0;39m [2m[nio-9999-exec-3][0;39m [36mc.ssafy.vue.controller.BoardController  [0;39m [2m:[0;39m listArticle - 호출
[2m2023-05-11 10:35:42.276[0;39m [32m INFO[0;39m [35m14368[0;39m [2m---[0;39m [2m[nio-9999-exec-6][0;39m [36mc.ssafy.vue.controller.BoardController  [0;39m [2m:[0;39m listArticle - 호출
[2m2023-05-11 10:35:53.671[0;39m [32m INFO[0;39m [35m14368[0;39m [2m---[0;39m [2m[nio-9999-exec-8][0;39m [36mc.ssafy.vue.controller.BoardController  [0;39m [2m:[0;39m listArticle - 호출
[2m2023-05-11 16:26:32.003[0;39m [32m INFO[0;39m [35m14368[0;39m [2m---[0;39m [2m[on(2)-127.0.0.1][0;39m [36minMXBeanRegistrar$SpringApplicationAdmin[0;39m [2m:[0;39m Application shutdown requested.
[2m2023-05-11 16:26:32.087[0;39m [33m WARN[0;39m [35m14368[0;39m [2m---[0;39m [2m[on(2)-127.0.0.1][0;39m [36mo.a.c.loader.WebappClassLoaderBase      [0;39m [2m:[0;39m The web application [vue] appears to have started a thread named [HikariPool-1 housekeeper] but has failed to stop it. This is very likely to create a memory leak. Stack trace of thread:
 sun.misc.Unsafe.park(Native Method)
 java.util.concurrent.locks.LockSupport.parkNanos(LockSupport.java:215)
 java.util.concurrent.locks.AbstractQueuedSynchronizer$ConditionObject.awaitNanos(AbstractQueuedSynchronizer.java:2078)
 java.util.concurrent.ScheduledThreadPoolExecutor$DelayedWorkQueue.take(ScheduledThreadPoolExecutor.java:1093)
 java.util.concurrent.ScheduledThreadPoolExecutor$DelayedWorkQueue.take(ScheduledThreadPoolExecutor.java:809)
 java.util.concurrent.ThreadPoolExecutor.getTask(ThreadPoolExecutor.java:1074)
 java.util.concurrent.ThreadPoolExecutor.runWorker(ThreadPoolExecutor.java:1134)
 java.util.concurrent.ThreadPoolExecutor$Worker.run(ThreadPoolExecutor.java:624)
 java.lang.Thread.run(Thread.java:748)
