#
# A fatal error has been detected by the Java Runtime Environment:
#
#  Internal Error (javaCalls.cpp:51), pid=6184, tid=0x00000000000022a8
#  guarantee(thread->is_Java_thread()) failed: crucial check - the VM thread cannot and must not escape to Java code
#
# JRE version: OpenJDK Runtime Environment (8.0_192-b01) (build 1.8.0_192-b01)
# Java VM: OpenJDK 64-Bit Server VM (25.192-b01 mixed mode windows-amd64 compressed oops)
# Failed to write core dump. Minidumps are not enabled by default on client versions of Windows
#
# If you would like to submit a bug report, please visit:
#   http://www.azulsystems.com/support/
#

---------------  T H R E A D  ---------------

Current thread (0x000000001d5e4800):  VMThread [stack: 0x000000001fd50000,0x000000001fe50000] [id=8872]

Stack: [0x000000001fd50000,0x000000001fe50000]
[error occurred during error reporting (printing stack bounds), id 0xc0000005]

Native frames: (J=compiled Java code, j=interpreted, Vv=VM code, C=native code)

VM_Operation (0x00000000203df2f0): GetOrSetLocal, mode: safepoint, requested by thread 0x000000001ed59000


---------------  P R O C E S S  ---------------

Java Threads: ( => current thread )
  0x000000001eeaf800 JavaThread "Service Thread" daemon [_thread_blocked, id=15968, stack(0x00000000209e0000,0x0000000020ae0000)]
  0x000000001ee07800 JavaThread "C1 CompilerThread3" daemon [_thread_blocked, id=5344, stack(0x00000000208e0000,0x00000000209e0000)]
  0x000000001ee07000 JavaThread "C2 CompilerThread2" daemon [_thread_blocked, id=10440, stack(0x00000000207e0000,0x00000000208e0000)]
  0x000000001ee06000 JavaThread "C2 CompilerThread1" daemon [_thread_blocked, id=5332, stack(0x00000000206e0000,0x00000000207e0000)]
  0x000000001edf7000 JavaThread "C2 CompilerThread0" daemon [_thread_blocked, id=7276, stack(0x00000000205e0000,0x00000000206e0000)]
  0x000000001ed6d800 JavaThread "JDWP Command Reader" daemon [_thread_in_native, id=15000, stack(0x00000000204e0000,0x00000000205e0000)]
  0x000000001ed66800 JavaThread "JDWP Event Helper Thread" daemon [_thread_blocked, id=12520, stack(0x00000000203e0000,0x00000000204e0000)]
  0x000000001ed59000 JavaThread "JDWP Transport Listener: dt_socket" daemon [_thread_blocked, id=3392, stack(0x00000000202e0000,0x00000000203e0000)]
  0x000000001ecf7000 JavaThread "Attach Listener" daemon [_thread_blocked, id=14032, stack(0x00000000201e0000,0x00000000202e0000)]
  0x000000001ed55800 JavaThread "Signal Dispatcher" daemon [_thread_blocked, id=1144, stack(0x00000000200e0000,0x00000000201e0000)]
  0x000000000396b800 JavaThread "Finalizer" daemon [_thread_blocked, id=13120, stack(0x000000001ff50000,0x0000000020050000)]
  0x000000001ece3000 JavaThread "Reference Handler" daemon [_thread_blocked, id=5372, stack(0x000000001fe50000,0x000000001ff50000)]
  0x0000000003872800 JavaThread "main" [_thread_blocked, id=6620, stack(0x0000000003560000,0x0000000003660000)]

Other Threads:
=>0x000000001d5e4800 VMThread [stack: 0x000000001fd50000,0x000000001fe50000] [id=8872]
  0x000000001edf4800 WatcherThread [stack: 0x0000000020ae0000,0x0000000020be0000] [id=9548]

VM state:at safepoint (normal execution)

VM Mutex/Monitor currently owned by a thread:  ([mutex/lock_event])
[0x000000000370df40] Threads_lock - owner thread: 0x000000001d5e4800

heap address: 0x00000006c1000000, size: 4080 MB, Compressed Oops mode: Zero based, Oop shift amount: 3
Narrow klass base: 0x0000000000000000, Narrow klass shift: 3
Compressed class space size: 1073741824 Address: 0x00000007c0000000

Heap:
 PSYoungGen      total 76288K, used 7868K [0x000000076b000000, 0x0000000770500000, 0x00000007c0000000)
  eden space 65536K, 12% used [0x000000076b000000,0x000000076b7af1e0,0x000000076f000000)
  from space 10752K, 0% used [0x000000076fa80000,0x000000076fa80000,0x0000000770500000)
  to   space 10752K, 0% used [0x000000076f000000,0x000000076f000000,0x000000076fa80000)
 ParOldGen       total 175104K, used 0K [0x00000006c1000000, 0x00000006cbb00000, 0x000000076b000000)
  object space 175104K, 0% used [0x00000006c1000000,0x00000006c1000000,0x00000006cbb00000)
 Metaspace       used 4911K, capacity 4978K, committed 5248K, reserved 1056768K
  class space    used 497K, capacity 529K, committed 640K, reserved 1048576K

Card table byte_map: [0x0000000012d30000,0x0000000013530000] byte_map_base: 0x000000000f728000

Marking Bits: (ParMarkBitMap*) 0x000000006930cf50
 Begin Bits: [0x0000000014480000, 0x0000000018440000)
 End Bits:   [0x0000000018440000, 0x000000001c400000)

Polling page: 0x0000000000fd0000

CodeCache: size=245760Kb used=1358Kb max_used=1358Kb free=244401Kb
 bounds [0x0000000003970000, 0x0000000003be0000, 0x0000000012970000]
 total_blobs=416 nmethods=132 adapters=206
 compilation: enabled

Compilation events (10 events):
Event: 1718.064 Thread 0x000000001ee07800  126       3       org.eclipse.jdt.launching.internal.org.objectweb.asm.Label::addLineNumber (89 bytes)
Event: 1718.064 Thread 0x000000001ee07800 nmethod 126 0x0000000003ac0ad0 code [0x0000000003ac0c60, 0x0000000003ac1108]
Event: 1718.064 Thread 0x000000001ee07800  129       3       org.eclipse.jdt.launching.internal.org.objectweb.asm.MethodWriter::visitLineNumber (50 bytes)
Event: 1718.064 Thread 0x000000001ee07800 nmethod 129 0x0000000003ac1310 code [0x0000000003ac14a0, 0x0000000003ac18f8]
Event: 1796.895 Thread 0x000000001ee07800  131       3       org.eclipse.jdt.launching.internal.org.objectweb.asm.SymbolTable::addConstantMemberReference (147 bytes)
Event: 1796.895 Thread 0x000000001ee07800 nmethod 131 0x0000000003ac1b10 code [0x0000000003ac1d60, 0x0000000003ac2b48]
Event: 1796.895 Thread 0x000000001ee07800  130       3       org.eclipse.jdt.launching.internal.org.objectweb.asm.SymbolTable::addConstantUtf8Reference (101 bytes)
Event: 1796.895 Thread 0x000000001ee07800 nmethod 130 0x0000000003ac32d0 code [0x0000000003ac34c0, 0x0000000003ac3db8]
Event: 1796.895 Thread 0x000000001ee07800  132       3       org.eclipse.jdt.launching.internal.org.objectweb.asm.SymbolTable::hash (20 bytes)
Event: 1796.895 Thread 0x000000001ee07800 nmethod 132 0x0000000003ac4210 code [0x0000000003ac43a0, 0x0000000003ac4728]

GC Heap History (0 events):
No events

Deoptimization events (0 events):
No events

Classes redefined (5 events):
Event: 1387.142 Thread 0x000000001d5e4800 redefined class name=Main, count=1
Event: 1468.390 Thread 0x000000001d5e4800 redefined class name=Main, count=2
Event: 1524.841 Thread 0x000000001d5e4800 redefined class name=Main, count=3
Event: 1696.632 Thread 0x000000001d5e4800 redefined class name=Main, count=4
Event: 1718.064 Thread 0x000000001d5e4800 redefined class name=Main, count=5

Internal exceptions (2 events):
Event: 0.019 Thread 0x0000000003872800 Exception <a 'java/lang/NoSuchMethodError': Method sun.misc.Unsafe.defineClass(Ljava/lang/String;[BII)Ljava/lang/Class; name or signature does not match> (0x000000076b007cb0) thrown at [C:\jenkins\workspace\zulu8-silver-build-win64\zulu-src\hotspot\src\sh
Event: 0.019 Thread 0x0000000003872800 Exception <a 'java/lang/NoSuchMethodError': Method sun.misc.Unsafe.prefetchRead(Ljava/lang/Object;J)V name or signature does not match> (0x000000076b007f98) thrown at [C:\jenkins\workspace\zulu8-silver-build-win64\zulu-src\hotspot\src\share\vm\prims\jni.c

Events (10 events):
Event: 1718.227 Executing VM operation: GetCurrentContendedMonitor done
Event: 1796.881 Executing VM operation: ChangeBreakpoints
Event: 1796.881 Executing VM operation: ChangeBreakpoints done
Event: 1796.882 Executing VM operation: ChangeBreakpoints
Event: 1796.882 Executing VM operation: ChangeBreakpoints done
Event: 1796.921 Executing VM operation: GetOwnedMonitorInfo
Event: 1796.921 Executing VM operation: GetOwnedMonitorInfo done
Event: 1796.921 Executing VM operation: GetCurrentContendedMonitor
Event: 1796.921 Executing VM operation: GetCurrentContendedMonitor done
Event: 2286.963 Executing VM operation: GetOrSetLocal


Dynamic libraries:
0x00007ff793bf0000 - 0x00007ff793c25000 	C:\Program Files\Zulu\zulu-8\bin\javaw.exe
0x00007ffa65c90000 - 0x00007ffa65e88000 	C:\windows\SYSTEM32\ntdll.dll
0x00007ffa64ea0000 - 0x00007ffa64f5f000 	C:\windows\System32\KERNEL32.DLL
0x00007ffa634e0000 - 0x00007ffa637b2000 	C:\windows\System32\KERNELBASE.dll
0x00007ffa60be0000 - 0x00007ffa60c71000 	C:\windows\SYSTEM32\apphelp.dll
0x00007ffa65670000 - 0x00007ffa6571e000 	C:\windows\System32\ADVAPI32.dll
0x00007ffa65730000 - 0x00007ffa657ce000 	C:\windows\System32\msvcrt.dll
0x00007ffa64a90000 - 0x00007ffa64b2c000 	C:\windows\System32\sechost.dll
0x00007ffa63df0000 - 0x00007ffa63f15000 	C:\windows\System32\RPCRT4.dll
0x00007ffa63f90000 - 0x00007ffa64131000 	C:\windows\System32\USER32.dll
0x00007ffa63ba0000 - 0x00007ffa63bc2000 	C:\windows\System32\win32u.dll
0x00007ffa658c0000 - 0x00007ffa658eb000 	C:\windows\System32\GDI32.dll
0x00007ffa63380000 - 0x00007ffa6348f000 	C:\windows\System32\gdi32full.dll
0x00007ffa63880000 - 0x00007ffa6391d000 	C:\windows\System32\msvcp_win.dll
0x00007ffa63bd0000 - 0x00007ffa63cd0000 	C:\windows\System32\ucrtbase.dll
0x00007ffa58c20000 - 0x00007ffa58eba000 	C:\windows\WinSxS\amd64_microsoft.windows.common-controls_6595b64144ccf1df_6.0.19041.1110_none_60b5254171f9507e\COMCTL32.dll
0x00007ffa64140000 - 0x00007ffa64172000 	C:\windows\System32\IMM32.DLL
0x000000006ad60000 - 0x000000006ae32000 	C:\Program Files\Zulu\zulu-8\jre\bin\msvcr100.dll
0x0000000068b40000 - 0x000000006938a000 	C:\Program Files\Zulu\zulu-8\jre\bin\server\jvm.dll
0x00007ffa65720000 - 0x00007ffa65728000 	C:\windows\System32\PSAPI.DLL
0x00007ffa5ee20000 - 0x00007ffa5ee29000 	C:\windows\SYSTEM32\WSOCK32.dll
0x00007ffa59340000 - 0x00007ffa59367000 	C:\windows\SYSTEM32\WINMM.dll
0x00007ffa5d210000 - 0x00007ffa5d21a000 	C:\windows\SYSTEM32\VERSION.dll
0x00007ffa64b30000 - 0x00007ffa64b9b000 	C:\windows\System32\WS2_32.dll
0x00007ffa5ec10000 - 0x00007ffa5ec1f000 	C:\Program Files\Zulu\zulu-8\jre\bin\verify.dll
0x00007ffa43eb0000 - 0x00007ffa43ed9000 	C:\Program Files\Zulu\zulu-8\jre\bin\java.dll
0x00007ffa5a300000 - 0x00007ffa5a335000 	C:\Program Files\Zulu\zulu-8\jre\bin\jdwp.dll
0x00007ffa5edf0000 - 0x00007ffa5edf8000 	C:\Program Files\Zulu\zulu-8\jre\bin\npt.dll
0x00007ffa5a200000 - 0x00007ffa5a223000 	C:\Program Files\Zulu\zulu-8\jre\bin\instrument.dll
0x00007ffa5a2d0000 - 0x00007ffa5a2e6000 	C:\Program Files\Zulu\zulu-8\jre\bin\zip.dll
0x00007ffa642b0000 - 0x00007ffa649f4000 	C:\windows\System32\SHELL32.dll
0x00007ffa61460000 - 0x00007ffa61bf2000 	C:\windows\SYSTEM32\windows.storage.dll
0x00007ffa658f0000 - 0x00007ffa65c45000 	C:\windows\System32\combase.dll
0x00007ffa62d00000 - 0x00007ffa62d30000 	C:\windows\SYSTEM32\Wldp.dll
0x00007ffa65040000 - 0x00007ffa650ed000 	C:\windows\System32\SHCORE.dll
0x00007ffa657d0000 - 0x00007ffa65825000 	C:\windows\System32\shlwapi.dll
0x00007ffa632c0000 - 0x00007ffa632df000 	C:\windows\SYSTEM32\profapi.dll
0x00007ffa5a7f0000 - 0x00007ffa5a7f9000 	C:\Program Files\Zulu\zulu-8\jre\bin\dt_socket.dll
0x00007ffa4d530000 - 0x00007ffa4d547000 	C:\windows\system32\napinsp.dll
0x00007ffa4d3b0000 - 0x00007ffa4d3cb000 	C:\windows\system32\pnrpnsp.dll
0x00007ffa4ced0000 - 0x00007ffa4cee5000 	C:\windows\system32\wshbth.dll
0x00007ffa5ed90000 - 0x00007ffa5edad000 	C:\windows\system32\NLAapi.dll
0x00007ffa62750000 - 0x00007ffa6278b000 	C:\windows\SYSTEM32\IPHLPAPI.DLL
0x00007ffa62a60000 - 0x00007ffa62aca000 	C:\windows\System32\mswsock.dll
0x00007ffa62790000 - 0x00007ffa6285a000 	C:\windows\SYSTEM32\DNSAPI.dll
0x00007ffa64a80000 - 0x00007ffa64a88000 	C:\windows\System32\NSI.dll
0x00007ffa4cdb0000 - 0x00007ffa4cdc2000 	C:\windows\System32\winrnr.dll
0x00007ffa58780000 - 0x00007ffa58800000 	C:\windows\System32\fwpuclnt.dll
0x00007ffa637c0000 - 0x00007ffa637e7000 	C:\windows\System32\bcrypt.dll
0x00007ffa58760000 - 0x00007ffa5876a000 	C:\Windows\System32\rasadhlp.dll

VM Arguments:
jvm_args: -agentlib:jdwp=transport=dt_socket,suspend=y,address=localhost:52714 -javaagent:C:\SSAFY\eclipse\configuration\org.eclipse.osgi\419\0\.cp\lib\javaagent-shaded.jar -Dfile.encoding=UTF-8 
java_command: Main
java_class_path (initial): C:\SSAFY\workspace\02-JAVA\algorithm\BOJ\bin;C:\SSAFY\eclipse\configuration\org.eclipse.osgi\419\0\.cp\lib\javaagent-shaded.jar
Launcher Type: SUN_STANDARD

Environment Variables:
JAVA_HOME=C:\Program Files\Zulu\zulu-8
PATH=C:\Program Files\Zulu\zulu-8\jre\bin;C:/Program Files/Zulu/zulu-8/bin/../jre/bin/server;C:/Program Files/Zulu/zulu-8/bin/../jre/bin;C:/Program Files/Zulu/zulu-8/bin/../jre/lib/amd64;C:\Windows\system32;C:\Windows;C:\Windows\System32\Wbem;C:\Windows\System32\WindowsPowerShell\v1.0\;C:\Windows\System32\OpenSSH\;C:\Program Files (x86)\NVIDIA Corporation\PhysX\Common;C:\Program Files\Bandizip\;C:\Program Files\Microsoft SQL Server\130\Tools\Binn\;C:\Program Files\Zulu\zulu-8\bin\;C:\Program Files\Git\cmd;C:\Program Files\MySQL\MySQL Shell 8.0\bin\;C:\Users\SSAFY\AppData\Local\Microsoft\WindowsApps;C:\Users\SSAFY\AppData\Local\Programs\Microsoft VS Code\bin;C:\SSAFY\eclipse;
USERNAME=SSAFY
OS=Windows_NT
PROCESSOR_IDENTIFIER=Intel64 Family 6 Model 158 Stepping 10, GenuineIntel



---------------  S Y S T E M  ---------------

OS: Windows 10.0 , 64 bit Build 19041 (10.0.19041.2364)

CPU:total 12 (initial active 12) (6 cores per cpu, 2 threads per core) family 6 model 158 stepping 10, cmov, cx8, fxsr, mmx, sse, sse2, sse3, ssse3, sse4.1, sse4.2, popcnt, avx, avx2, aes, clmul, erms, rtm, 3dnowpref, lzcnt, ht, tsc, tscinvbit, bmi1, bmi2, adx

Memory: 4k page, physical 16709632k(10322892k free), swap 19200000k(9862680k free)

vm_info: OpenJDK 64-Bit Server VM (25.192-b01) for windows-amd64 JRE (1.8.0_192-b01), built on Oct 17 2018 09:53:48 by "tester" with MS VC++ 10.0 (VS2010)

time: Tue Feb 21 17:38:37 2023
timezone: 대한민국 표준시
elapsed time: 2286 seconds (0d 0h 38m 6s)

